<?xml version="1.0" encoding="UTF-8"?>
<!-- Generated by org.testng.reporters.JUnitXMLReporter -->
<testsuite ignored="0" hostname="LAPTOP-INPVECA4" failures="0" tests="1" name="Test" time="0.071" errors="0" timestamp="2023-03-20T21:25:29 IST">
  <testcase classname="Test_pom.testfacebook" name="@BeforeTest beforetest" time="0.018">
    <failure type="java.lang.NullPointerException" message="Cannot invoke &amp;quot;org.openqa.selenium.WebDriver.get(String)&amp;quot; because &amp;quot;this.driver&amp;quot; is null">
      <![CDATA[java.lang.NullPointerException: Cannot invoke "org.openqa.selenium.WebDriver.get(String)" because "this.driver" is null
at TestUtility.StaticBrowser.Openfacebooklink(StaticBrowser.java:37)
at Test_pom.testfacebook.beforetest(testfacebook.java:36)
... Removed 24 stack frames]]>
    </failure>
  </testcase> <!-- @BeforeTest beforetest -->
  <testcase classname="Test_pom.testfacebook" name="@BeforeClass beforeclass" time="0.0">
    <skipped/>
  </testcase> <!-- @BeforeClass beforeclass -->
  <testcase classname="Test_pom.testfacebook" name="@BeforeMethod beforemethod" time="0.0">
    <skipped/>
  </testcase> <!-- @BeforeMethod beforemethod -->
  <testcase classname="Test_pom.testfacebook" name="@AfterMethod aftermethod" time="0.0">
    <skipped/>
  </testcase> <!-- @AfterMethod aftermethod -->
  <testcase classname="Test_pom.testfacebook" name="@AfterClass afterclass" time="0.0">
    <skipped/>
  </testcase> <!-- @AfterClass afterclass -->
  <testcase classname="Test_pom.testfacebook" name="@AfterTest Aftertest" time="0.0">
    <skipped/>
  </testcase> <!-- @AfterTest Aftertest -->
  <testcase classname="Test_pom.testfacebook" name="LaunchBrowser" time="0.0">
    <skipped/>
  </testcase> <!-- LaunchBrowser -->
</testsuite> <!-- Test -->
