<?xml version="1.0" encoding="UTF-8"?>
<!-- Generated by org.testng.reporters.JUnitXMLReporter -->
<testsuite ignored="0" hostname="LAPTOP-INPVECA4" failures="0" tests="4" name="edge" time="12.853" errors="0" timestamp="2023-03-18T14:16:45 IST">
  <testcase classname="Test_pom.class1_TestNgSuit" name="test2" time="0.0"/>
  <testcase classname="Test_pom.class1_TestNgSuit" name="test3" time="0.001"/>
  <testcase classname="Test_pom.class1_TestNgSuit" name="test4" time="0.004"/>
  <testcase classname="Test_pom.class1_TestNgSuit" name="verifyDashboardElement" time="2.51"/>
</testsuite> <!-- edge -->
