<?xml version="1.0" encoding="UTF-8"?>
<!-- Generated by org.testng.reporters.JUnitXMLReporter -->
<testsuite ignored="0" hostname="LAPTOP-INPVECA4" failures="0" tests="4" name="firefox" time="41.532" errors="0" timestamp="2023-03-18T14:17:27 IST">
  <testcase classname="Test_pom.class1_TestNgSuit" name="test2" time="0.002"/>
  <testcase classname="Test_pom.class1_TestNgSuit" name="test3" time="0.0"/>
  <testcase classname="Test_pom.class1_TestNgSuit" name="test4" time="0.005"/>
  <testcase classname="Test_pom.class1_TestNgSuit" name="verifyDashboardElement" time="7.391"/>
</testsuite> <!-- firefox -->
