<?xml version="1.0" encoding="UTF-8"?>
<!-- Generated by org.testng.reporters.JUnitXMLReporter -->
<testsuite ignored="0" hostname="LAPTOP-INPVECA4" failures="0" tests="4" name="Test" time="12.189" errors="0" timestamp="2023-03-18T12:48:46 IST">
  <testcase classname="Test_pom.class1_TestNgSuit" name="test2" time="0.006"/>
  <testcase classname="Test_pom.class1_TestNgSuit" name="test3" time="0.001"/>
  <testcase classname="Test_pom.class1_TestNgSuit" name="test4" time="0.001"/>
  <testcase classname="Test_pom.class1_TestNgSuit" name="verifyDashboardElement" time="2.55"/>
</testsuite> <!-- Test -->
