<?xml version="1.0" encoding="UTF-8"?>
<!-- Generated by org.testng.reporters.JUnitXMLReporter -->
<testsuite ignored="0" hostname="LAPTOP-INPVECA4" failures="0" tests="1" name="chrome" time="7.817" errors="0" timestamp="2023-03-20T21:21:34 IST">
  <testcase classname="Test_pom.testfacebook" name="@AfterTest Aftertest" time="0.0">
    <failure type="java.lang.NullPointerException" message="Cannot invoke &amp;quot;org.openqa.selenium.WebDriver.quit()&amp;quot; because &amp;quot;this.driver&amp;quot; is null">
      <![CDATA[java.lang.NullPointerException: Cannot invoke "org.openqa.selenium.WebDriver.quit()" because "this.driver" is null
at Test_pom.testfacebook.Aftertest(testfacebook.java:72)
... Removed 24 stack frames]]>
    </failure>
  </testcase> <!-- @AfterTest Aftertest -->
  <testcase classname="Test_pom.testfacebook" name="LaunchBrowser" time="0.004"/>
</testsuite> <!-- chrome -->
